#
# There is insufficient memory for the Java Runtime Environment to continue.
# Native memory allocation (malloc) failed to allocate 1433536 bytes. Error detail: Chunk::new
# Possible reasons:
#   The system is out of physical RAM or swap space
#   This process is running with CompressedOops enabled, and the Java Heap may be blocking the growth of the native heap
# Possible solutions:
#   Reduce memory load on the system
#   Increase physical memory or swap space
#   Check if swap backing store is full
#   Decrease Java heap size (-Xmx/-Xms)
#   Decrease number of Java threads
#   Decrease Java thread stack sizes (-Xss)
#   Set larger code cache with -XX:ReservedCodeCacheSize=
#   JVM is running with Unscaled Compressed Oops mode in which the Java heap is
#     placed in the first 4GB address space. The Java Heap base address is the
#     maximum limit for the native heap growth. Please use -XX:HeapBaseMinAddress
#     to set the Java Heap base and to place the Java Heap above 4GB virtual address.
# This output file may be truncated or incomplete.
#
#  Out of Memory Error (arena.cpp:191), pid=25888, tid=25016
#
# JRE version: OpenJDK Runtime Environment JBR-17.0.11+1-1207.24-jcef (17.0.11+1) (build 17.0.11+1-b1207.24)
# Java VM: OpenJDK 64-Bit Server VM JBR-17.0.11+1-1207.24-jcef (17.0.11+1-b1207.24, mixed mode, tiered, compressed oops, compressed class ptrs, g1 gc, windows-amd64)
# No core dump will be written. Minidumps are not enabled by default on client versions of Windows
#

---------------  S U M M A R Y ------------

Command Line: -Djava.rmi.server.hostname=127.0.0.1 -Duser.timezone=UTC -Xmx2048m -Xms128m -Djdbc.classpath=E:\myjava\IntelliJ IDEA 2024.1.2\plugins\DatabaseTools\lib\jdbc-console.jar;C:\Users\admin\AppData\Roaming\JetBrains\IntelliJIdea2024.1\jdbc-drivers\MySQL ConnectorJ\8.2.0\com\mysql\mysql-connector-j\8.2.0\mysql-connector-j-8.2.0.jar;C:\Users\admin\AppData\Roaming\JetBrains\IntelliJIdea2024.1\jdbc-drivers\MySQL ConnectorJ\8.2.0\com\google\protobuf\protobuf-java\3.21.9\protobuf-java-3.21.9.jar --add-exports=java.desktop/sun.awt=ALL-UNNAMED --add-exports=java.desktop/java.awt.peer=ALL-UNNAMED --add-opens=java.desktop/java.awt=ALL-UNNAMED --add-opens=jdk.unsupported/sun.misc=ALL-UNNAMED --add-opens=java.base/java.nio=ALL-UNNAMED --add-opens=java.base/java.util=ALL-UNNAMED -Dfile.encoding=UTF-8 com.intellij.database.remote.RemoteJdbcServer com.mysql.cj.jdbc.Driver

Host: 12th Gen Intel(R) Core(TM) i7-12700H, 20 cores, 7G,  Windows 11 , 64 bit Build 22621 (10.0.22621.4391)
Time: Fri Feb  7 13:54:22 2025  Windows 11 , 64 bit Build 22621 (10.0.22621.4391) elapsed time: 1693.501495 seconds (0d 0h 28m 13s)

---------------  T H R E A D  ---------------

Current thread (0x000001c0b10cf1d0):  JavaThread "C2 CompilerThread0" daemon [_thread_in_native, id=25016, stack(0x0000000286100000,0x0000000286200000)]


Current CompileTask:
C2:1693501 3641   !   4       sun.rmi.server.UnicastServerRef::dispatch (492 bytes)

Stack: [0x0000000286100000,0x0000000286200000]
Native frames: (J=compiled Java code, j=interpreted, Vv=VM code, C=native code)
V  [jvm.dll+0x6877f9]
V  [jvm.dll+0x8411aa]
V  [jvm.dll+0x842e2e]
V  [jvm.dll+0x843493]
V  [jvm.dll+0x249fdf]
V  [jvm.dll+0xac544]
V  [jvm.dll+0xacb8c]
V  [jvm.dll+0x369897]
V  [jvm.dll+0x1be292]
V  [jvm.dll+0x21bcd9]
V  [jvm.dll+0x21afc1]
V  [jvm.dll+0x1a637d]
V  [jvm.dll+0x22ae8e]
V  [jvm.dll+0x229015]
V  [jvm.dll+0x7f53a7]
V  [jvm.dll+0x7ef7aa]
V  [jvm.dll+0x686675]
C  [ucrtbase.dll+0x29333]
C  [KERNEL32.DLL+0x1259d]
C  [ntdll.dll+0x5af38]


---------------  P R O C E S S  ---------------

Threads class SMR info:
_java_thread_list=0x000001c0b6a5ce90, length=21, elements={
0x000001c095daf260, 0x000001c0b1095020, 0x000001c0b1095db0, 0x000001c0b10aee00,
0x000001c0b10afa30, 0x000001c0b10cdb20, 0x000001c0b10ce4e0, 0x000001c0b10cf1d0,
0x000001c0b10cfbd0, 0x000001c0b10d3ad0, 0x000001c0b1283420, 0x000001c0b1289790,
0x000001c0b13ed720, 0x000001c0b141d3d0, 0x000001c0b177dd90, 0x000001c0b177e270,
0x000001c0b177e750, 0x000001c0b179fa00, 0x000001c0b17ba4b0, 0x000001c0b17baed0,
0x000001c0b17bb3e0
}

Java Threads: ( => current thread )
  0x000001c095daf260 JavaThread "main" [_thread_blocked, id=26164, stack(0x0000000285400000,0x0000000285500000)]
  0x000001c0b1095020 JavaThread "Reference Handler" daemon [_thread_blocked, id=25236, stack(0x0000000285b00000,0x0000000285c00000)]
  0x000001c0b1095db0 JavaThread "Finalizer" daemon [_thread_blocked, id=16792, stack(0x0000000285c00000,0x0000000285d00000)]
  0x000001c0b10aee00 JavaThread "Signal Dispatcher" daemon [_thread_blocked, id=6200, stack(0x0000000285d00000,0x0000000285e00000)]
  0x000001c0b10afa30 JavaThread "Attach Listener" daemon [_thread_blocked, id=11252, stack(0x0000000285e00000,0x0000000285f00000)]
  0x000001c0b10cdb20 JavaThread "Service Thread" daemon [_thread_blocked, id=6972, stack(0x0000000285f00000,0x0000000286000000)]
  0x000001c0b10ce4e0 JavaThread "Monitor Deflation Thread" daemon [_thread_blocked, id=17144, stack(0x0000000286000000,0x0000000286100000)]
=>0x000001c0b10cf1d0 JavaThread "C2 CompilerThread0" daemon [_thread_in_native, id=25016, stack(0x0000000286100000,0x0000000286200000)]
  0x000001c0b10cfbd0 JavaThread "C1 CompilerThread0" daemon [_thread_blocked, id=23740, stack(0x0000000286200000,0x0000000286300000)]
  0x000001c0b10d3ad0 JavaThread "Sweeper thread" daemon [_thread_blocked, id=23396, stack(0x0000000286300000,0x0000000286400000)]
  0x000001c0b1283420 JavaThread "Common-Cleaner" daemon [_thread_blocked, id=18652, stack(0x0000000286600000,0x0000000286700000)]
  0x000001c0b1289790 JavaThread "Notification Thread" daemon [_thread_blocked, id=19240, stack(0x0000000286700000,0x0000000286800000)]
  0x000001c0b13ed720 JavaThread "mysql-cj-abandoned-connection-cleanup" daemon [_thread_blocked, id=17436, stack(0x0000000286a00000,0x0000000286b00000)]
  0x000001c0b141d3d0 JavaThread "RMI TCP Accept-48678" daemon [_thread_in_native, id=25868, stack(0x0000000286b00000,0x0000000286c00000)]
  0x000001c0b177dd90 JavaThread "RMI TCP Accept-0" daemon [_thread_in_native, id=25084, stack(0x0000000286c00000,0x0000000286d00000)]
  0x000001c0b177e270 JavaThread "RMI Reaper" [_thread_blocked, id=26168, stack(0x0000000286d00000,0x0000000286e00000)]
  0x000001c0b177e750 JavaThread "RMI GC Daemon" daemon [_thread_blocked, id=19480, stack(0x0000000286e00000,0x0000000286f00000)]
  0x000001c0b179fa00 JavaThread "RMI TCP Connection(1)-127.0.0.1" daemon [_thread_in_native, id=23608, stack(0x0000000286f00000,0x0000000287000000)]
  0x000001c0b17ba4b0 JavaThread "RMI Scheduler(0)" daemon [_thread_blocked, id=25968, stack(0x0000000287100000,0x0000000287200000)]
  0x000001c0b17baed0 JavaThread "RMI TCP Connection(3)-127.0.0.1" daemon [_thread_in_native, id=15448, stack(0x0000000287200000,0x0000000287300000)]
  0x000001c0b17bb3e0 JavaThread "RMI RenewClean-[127.0.0.1:58819]" daemon [_thread_blocked, id=3448, stack(0x0000000286900000,0x0000000286a00000)]

Other Threads:
  0x000001c0b0dceae0 VMThread "VM Thread" [stack: 0x0000000285a00000,0x0000000285b00000] [id=6648]
  0x000001c0b128ac90 WatcherThread [stack: 0x0000000286800000,0x0000000286900000] [id=12848]
  0x000001c095e0b7f0 GCTaskThread "GC Thread#0" [stack: 0x0000000285500000,0x0000000285600000] [id=14396]
  0x000001c0b61c93b0 GCTaskThread "GC Thread#1" [stack: 0x0000000287600000,0x0000000287700000] [id=26492]
  0x000001c0b6156080 GCTaskThread "GC Thread#2" [stack: 0x0000000287700000,0x0000000287800000] [id=16832]
  0x000001c0b6c41620 GCTaskThread "GC Thread#3" [stack: 0x0000000287800000,0x0000000287900000] [id=26500]
  0x000001c0b63667d0 GCTaskThread "GC Thread#4" [stack: 0x0000000287900000,0x0000000287a00000] [id=9860]
  0x000001c0b18d7f20 GCTaskThread "GC Thread#5" [stack: 0x0000000287a00000,0x0000000287b00000] [id=23428]
  0x000001c0b18da1f0 GCTaskThread "GC Thread#6" [stack: 0x0000000287b00000,0x0000000287c00000] [id=26028]
  0x000001c0b18da8c0 GCTaskThread "GC Thread#7" [stack: 0x0000000287c00000,0x0000000287d00000] [id=12772]
  0x000001c0b18dab80 GCTaskThread "GC Thread#8" [stack: 0x0000000287d00000,0x0000000287e00000] [id=26248]
  0x000001c0b18dce50 GCTaskThread "GC Thread#9" [stack: 0x0000000287e00000,0x0000000287f00000] [id=25948]
  0x000001c0b18dd110 GCTaskThread "GC Thread#10" [stack: 0x0000000287f00000,0x0000000288000000] [id=16528]
  0x000001c0b6843d30 GCTaskThread "GC Thread#11" [stack: 0x0000000288000000,0x0000000288100000] [id=26408]
  0x000001c0b6d2a8a0 GCTaskThread "GC Thread#12" [stack: 0x0000000285100000,0x0000000285200000] [id=21896]
  0x000001c0b6d29da0 GCTaskThread "GC Thread#13" [stack: 0x0000000285200000,0x0000000285300000] [id=4652]
  0x000001c0b6d28d20 GCTaskThread "GC Thread#14" [stack: 0x0000000285300000,0x0000000285400000] [id=4124]
  0x000001c095e1c740 ConcurrentGCThread "G1 Main Marker" [stack: 0x0000000285600000,0x0000000285700000] [id=21552]
  0x000001c095e1d160 ConcurrentGCThread "G1 Conc#0" [stack: 0x0000000285700000,0x0000000285800000] [id=208]
  0x000001c0b6843ff0 ConcurrentGCThread "G1 Conc#1" [stack: 0x0000000288100000,0x0000000288200000] [id=13292]
  0x000001c0b18df430 ConcurrentGCThread "G1 Conc#2" [stack: 0x0000000288200000,0x0000000288300000] [id=13724]
  0x000001c0b6364fa0 ConcurrentGCThread "G1 Conc#3" [stack: 0x0000000288300000,0x0000000288400000] [id=25104]
  0x000001c0b0c79a50 ConcurrentGCThread "G1 Refine#0" [stack: 0x0000000285800000,0x0000000285900000] [id=10772]
  0x000001c0b0c7a480 ConcurrentGCThread "G1 Service" [stack: 0x0000000285900000,0x0000000285a00000] [id=13412]

Threads with active compile tasks:
C2 CompilerThread0  1693532 3641   !   4       sun.rmi.server.UnicastServerRef::dispatch (492 bytes)

VM state: not at safepoint (normal execution)

VM Mutex/Monitor currently owned by a thread: None

Heap address: 0x0000000080000000, size: 2048 MB, Compressed Oops mode: 32-bit

CDS archive(s) not mapped
Compressed class space mapped at: 0x0000000100000000-0x0000000140000000, reserved size: 1073741824
Narrow klass base: 0x0000000000000000, Narrow klass shift: 3, Narrow klass range: 0x140000000

GC Precious Log:
 CPUs: 20 total, 20 available
 Memory: 7859M
 Large Page Support: Disabled
 NUMA Support: Disabled
 Compressed Oops: Enabled (32-bit)
 Heap Region Size: 1M
 Heap Min Capacity: 128M
 Heap Initial Capacity: 128M
 Heap Max Capacity: 2G
 Pre-touch: Disabled
 Parallel Workers: 15
 Concurrent Workers: 4
 Concurrent Refinement Workers: 15
 Periodic GC: Disabled

Heap:
 garbage-first heap   total 131072K, used 38827K [0x0000000080000000, 0x0000000100000000)
  region size 1024K, 31 young (31744K), 3 survivors (3072K)
 Metaspace       used 25993K, committed 26368K, reserved 1114112K
  class space    used 2696K, committed 2880K, reserved 1048576K

Heap Regions: E=young(eden), S=young(survivor), O=old, HS=humongous(starts), HC=humongous(continues), CS=collection set, F=free, OA=open archive, CA=closed archive, TAMS=top-at-mark-start (previous, next)
|   0|0x0000000080000000, 0x0000000080100000, 0x0000000080100000|100%|HS|  |TAMS 0x0000000080100000, 0x0000000080000000| Complete 
|   1|0x0000000080100000, 0x0000000080200000, 0x0000000080200000|100%|HC|  |TAMS 0x0000000080200000, 0x0000000080100000| Complete 
|   2|0x0000000080200000, 0x0000000080300000, 0x0000000080300000|100%|HC|  |TAMS 0x0000000080300000, 0x0000000080200000| Complete 
|   3|0x0000000080300000, 0x0000000080400000, 0x0000000080400000|100%| O|  |TAMS 0x0000000080400000, 0x0000000080300000| Untracked 
|   4|0x0000000080400000, 0x0000000080500000, 0x0000000080500000|100%| O|  |TAMS 0x0000000080500000, 0x0000000080400000| Untracked 
|   5|0x0000000080500000, 0x0000000080600000, 0x0000000080600000|100%| O|  |TAMS 0x0000000080543a00, 0x0000000080500000| Untracked 
|   6|0x0000000080600000, 0x0000000080700000, 0x0000000080700000|100%| O|  |TAMS 0x0000000080600000, 0x0000000080600000| Untracked 
|   7|0x0000000080700000, 0x0000000080800000, 0x0000000080800000|100%| O|  |TAMS 0x0000000080700000, 0x0000000080700000| Untracked 
|   8|0x0000000080800000, 0x00000000808daa00, 0x0000000080900000| 85%| O|  |TAMS 0x0000000080800000, 0x0000000080800000| Untracked 
|   9|0x0000000080900000, 0x0000000080900000, 0x0000000080a00000|  0%| F|  |TAMS 0x0000000080900000, 0x0000000080900000| Untracked 
|  10|0x0000000080a00000, 0x0000000080a00000, 0x0000000080b00000|  0%| F|  |TAMS 0x0000000080a00000, 0x0000000080a00000| Untracked 
|  11|0x0000000080b00000, 0x0000000080b00000, 0x0000000080c00000|  0%| F|  |TAMS 0x0000000080b00000, 0x0000000080b00000| Untracked 
|  12|0x0000000080c00000, 0x0000000080c00000, 0x0000000080d00000|  0%| F|  |TAMS 0x0000000080c00000, 0x0000000080c00000| Untracked 
|  13|0x0000000080d00000, 0x0000000080d00000, 0x0000000080e00000|  0%| F|  |TAMS 0x0000000080d00000, 0x0000000080d00000| Untracked 
|  14|0x0000000080e00000, 0x0000000080e00000, 0x0000000080f00000|  0%| F|  |TAMS 0x0000000080e00000, 0x0000000080e00000| Untracked 
|  15|0x0000000080f00000, 0x0000000080f00000, 0x0000000081000000|  0%| F|  |TAMS 0x0000000080f00000, 0x0000000080f00000| Untracked 
|  16|0x0000000081000000, 0x0000000081000000, 0x0000000081100000|  0%| F|  |TAMS 0x0000000081000000, 0x0000000081000000| Untracked 
|  17|0x0000000081100000, 0x0000000081100000, 0x0000000081200000|  0%| F|  |TAMS 0x0000000081100000, 0x0000000081100000| Untracked 
|  18|0x0000000081200000, 0x0000000081200000, 0x0000000081300000|  0%| F|  |TAMS 0x0000000081200000, 0x0000000081200000| Untracked 
|  19|0x0000000081300000, 0x0000000081300000, 0x0000000081400000|  0%| F|  |TAMS 0x0000000081300000, 0x0000000081300000| Untracked 
|  20|0x0000000081400000, 0x0000000081400000, 0x0000000081500000|  0%| F|  |TAMS 0x0000000081400000, 0x0000000081400000| Untracked 
|  21|0x0000000081500000, 0x0000000081500000, 0x0000000081600000|  0%| F|  |TAMS 0x0000000081500000, 0x0000000081500000| Untracked 
|  22|0x0000000081600000, 0x0000000081600000, 0x0000000081700000|  0%| F|  |TAMS 0x0000000081600000, 0x0000000081600000| Untracked 
|  23|0x0000000081700000, 0x0000000081700000, 0x0000000081800000|  0%| F|  |TAMS 0x0000000081700000, 0x0000000081700000| Untracked 
|  24|0x0000000081800000, 0x0000000081800000, 0x0000000081900000|  0%| F|  |TAMS 0x0000000081800000, 0x0000000081800000| Untracked 
|  25|0x0000000081900000, 0x0000000081900000, 0x0000000081a00000|  0%| F|  |TAMS 0x0000000081900000, 0x0000000081900000| Untracked 
|  26|0x0000000081a00000, 0x0000000081a00000, 0x0000000081b00000|  0%| F|  |TAMS 0x0000000081a00000, 0x0000000081a00000| Untracked 
|  27|0x0000000081b00000, 0x0000000081b00000, 0x0000000081c00000|  0%| F|  |TAMS 0x0000000081b00000, 0x0000000081b00000| Untracked 
|  28|0x0000000081c00000, 0x0000000081c00000, 0x0000000081d00000|  0%| F|  |TAMS 0x0000000081c00000, 0x0000000081c00000| Untracked 
|  29|0x0000000081d00000, 0x0000000081d00000, 0x0000000081e00000|  0%| F|  |TAMS 0x0000000081d00000, 0x0000000081d00000| Untracked 
|  30|0x0000000081e00000, 0x0000000081e00000, 0x0000000081f00000|  0%| F|  |TAMS 0x0000000081e00000, 0x0000000081e00000| Untracked 
|  31|0x0000000081f00000, 0x0000000081f00000, 0x0000000082000000|  0%| F|  |TAMS 0x0000000081f00000, 0x0000000081f00000| Untracked 
|  32|0x0000000082000000, 0x0000000082000000, 0x0000000082100000|  0%| F|  |TAMS 0x0000000082000000, 0x0000000082000000| Untracked 
|  33|0x0000000082100000, 0x0000000082100000, 0x0000000082200000|  0%| F|  |TAMS 0x0000000082100000, 0x0000000082100000| Untracked 
|  34|0x0000000082200000, 0x0000000082200000, 0x0000000082300000|  0%| F|  |TAMS 0x0000000082200000, 0x0000000082200000| Untracked 
|  35|0x0000000082300000, 0x0000000082300000, 0x0000000082400000|  0%| F|  |TAMS 0x0000000082300000, 0x0000000082300000| Untracked 
|  36|0x0000000082400000, 0x0000000082400000, 0x0000000082500000|  0%| F|  |TAMS 0x0000000082400000, 0x0000000082400000| Untracked 
|  37|0x0000000082500000, 0x0000000082500000, 0x0000000082600000|  0%| F|  |TAMS 0x0000000082500000, 0x0000000082500000| Untracked 
|  38|0x0000000082600000, 0x0000000082600000, 0x0000000082700000|  0%| F|  |TAMS 0x0000000082600000, 0x0000000082600000| Untracked 
|  39|0x0000000082700000, 0x0000000082700000, 0x0000000082800000|  0%| F|  |TAMS 0x0000000082700000, 0x0000000082700000| Untracked 
|  40|0x0000000082800000, 0x0000000082800000, 0x0000000082900000|  0%| F|  |TAMS 0x0000000082800000, 0x0000000082800000| Untracked 
|  41|0x0000000082900000, 0x0000000082900000, 0x0000000082a00000|  0%| F|  |TAMS 0x0000000082900000, 0x0000000082900000| Untracked 
|  42|0x0000000082a00000, 0x0000000082a00000, 0x0000000082b00000|  0%| F|  |TAMS 0x0000000082a00000, 0x0000000082a00000| Untracked 
|  43|0x0000000082b00000, 0x0000000082b00000, 0x0000000082c00000|  0%| F|  |TAMS 0x0000000082b00000, 0x0000000082b00000| Untracked 
|  44|0x0000000082c00000, 0x0000000082c00000, 0x0000000082d00000|  0%| F|  |TAMS 0x0000000082c00000, 0x0000000082c00000| Untracked 
|  45|0x0000000082d00000, 0x0000000082d00000, 0x0000000082e00000|  0%| F|  |TAMS 0x0000000082d00000, 0x0000000082d00000| Untracked 
|  46|0x0000000082e00000, 0x0000000082e00000, 0x0000000082f00000|  0%| F|  |TAMS 0x0000000082e00000, 0x0000000082e00000| Untracked 
|  47|0x0000000082f00000, 0x0000000082f00000, 0x0000000083000000|  0%| F|  |TAMS 0x0000000082f00000, 0x0000000082f00000| Untracked 
|  48|0x0000000083000000, 0x0000000083000000, 0x0000000083100000|  0%| F|  |TAMS 0x0000000083000000, 0x0000000083000000| Untracked 
|  49|0x0000000083100000, 0x0000000083100000, 0x0000000083200000|  0%| F|  |TAMS 0x0000000083100000, 0x0000000083100000| Untracked 
|  50|0x0000000083200000, 0x0000000083200000, 0x0000000083300000|  0%| F|  |TAMS 0x0000000083200000, 0x0000000083200000| Untracked 
|  51|0x0000000083300000, 0x0000000083300000, 0x0000000083400000|  0%| F|  |TAMS 0x0000000083300000, 0x0000000083300000| Untracked 
|  52|0x0000000083400000, 0x0000000083400000, 0x0000000083500000|  0%| F|  |TAMS 0x0000000083400000, 0x0000000083400000| Untracked 
|  53|0x0000000083500000, 0x0000000083500000, 0x0000000083600000|  0%| F|  |TAMS 0x0000000083500000, 0x0000000083500000| Untracked 
|  54|0x0000000083600000, 0x0000000083600000, 0x0000000083700000|  0%| F|  |TAMS 0x0000000083600000, 0x0000000083600000| Untracked 
|  55|0x0000000083700000, 0x0000000083700000, 0x0000000083800000|  0%| F|  |TAMS 0x0000000083700000, 0x0000000083700000| Untracked 
|  56|0x0000000083800000, 0x0000000083800000, 0x0000000083900000|  0%| F|  |TAMS 0x0000000083800000, 0x0000000083800000| Untracked 
|  57|0x0000000083900000, 0x0000000083900000, 0x0000000083a00000|  0%| F|  |TAMS 0x0000000083900000, 0x0000000083900000| Untracked 
|  58|0x0000000083a00000, 0x0000000083a00000, 0x0000000083b00000|  0%| F|  |TAMS 0x0000000083a00000, 0x0000000083a00000| Untracked 
|  59|0x0000000083b00000, 0x0000000083b00000, 0x0000000083c00000|  0%| F|  |TAMS 0x0000000083b00000, 0x0000000083b00000| Untracked 
|  60|0x0000000083c00000, 0x0000000083c00000, 0x0000000083d00000|  0%| F|  |TAMS 0x0000000083c00000, 0x0000000083c00000| Untracked 
|  61|0x0000000083d00000, 0x0000000083d00000, 0x0000000083e00000|  0%| F|  |TAMS 0x0000000083d00000, 0x0000000083d00000| Untracked 
|  62|0x0000000083e00000, 0x0000000083e00000, 0x0000000083f00000|  0%| F|  |TAMS 0x0000000083e00000, 0x0000000083e00000| Untracked 
|  63|0x0000000083f00000, 0x0000000083f00000, 0x0000000084000000|  0%| F|  |TAMS 0x0000000083f00000, 0x0000000083f00000| Untracked 
|  64|0x0000000084000000, 0x0000000084000000, 0x0000000084100000|  0%| F|  |TAMS 0x0000000084000000, 0x0000000084000000| Untracked 
|  65|0x0000000084100000, 0x0000000084100000, 0x0000000084200000|  0%| F|  |TAMS 0x0000000084100000, 0x0000000084100000| Untracked 
|  66|0x0000000084200000, 0x0000000084200000, 0x0000000084300000|  0%| F|  |TAMS 0x0000000084200000, 0x0000000084200000| Untracked 
|  67|0x0000000084300000, 0x0000000084300000, 0x0000000084400000|  0%| F|  |TAMS 0x0000000084300000, 0x0000000084300000| Untracked 
|  68|0x0000000084400000, 0x0000000084400000, 0x0000000084500000|  0%| F|  |TAMS 0x0000000084400000, 0x0000000084400000| Untracked 
|  69|0x0000000084500000, 0x0000000084500000, 0x0000000084600000|  0%| F|  |TAMS 0x0000000084500000, 0x0000000084500000| Untracked 
|  70|0x0000000084600000, 0x0000000084600000, 0x0000000084700000|  0%| F|  |TAMS 0x0000000084600000, 0x0000000084600000| Untracked 
|  71|0x0000000084700000, 0x0000000084700000, 0x0000000084800000|  0%| F|  |TAMS 0x0000000084700000, 0x0000000084700000| Untracked 
|  72|0x0000000084800000, 0x0000000084800000, 0x0000000084900000|  0%| F|  |TAMS 0x0000000084800000, 0x0000000084800000| Untracked 
|  73|0x0000000084900000, 0x0000000084900000, 0x0000000084a00000|  0%| F|  |TAMS 0x0000000084900000, 0x0000000084900000| Untracked 
|  74|0x0000000084a00000, 0x0000000084a00000, 0x0000000084b00000|  0%| F|  |TAMS 0x0000000084a00000, 0x0000000084a00000| Untracked 
|  75|0x0000000084b00000, 0x0000000084b00000, 0x0000000084c00000|  0%| F|  |TAMS 0x0000000084b00000, 0x0000000084b00000| Untracked 
|  76|0x0000000084c00000, 0x0000000084c00000, 0x0000000084d00000|  0%| F|  |TAMS 0x0000000084c00000, 0x0000000084c00000| Untracked 
|  77|0x0000000084d00000, 0x0000000084d00000, 0x0000000084e00000|  0%| F|  |TAMS 0x0000000084d00000, 0x0000000084d00000| Untracked 
|  78|0x0000000084e00000, 0x0000000084e104f0, 0x0000000084f00000|  6%| S|CS|TAMS 0x0000000084e00000, 0x0000000084e00000| Complete 
|  79|0x0000000084f00000, 0x0000000085000000, 0x0000000085000000|100%| S|CS|TAMS 0x0000000084f00000, 0x0000000084f00000| Complete 
|  80|0x0000000085000000, 0x0000000085100000, 0x0000000085100000|100%| S|CS|TAMS 0x0000000085000000, 0x0000000085000000| Complete 
|  81|0x0000000085100000, 0x0000000085100000, 0x0000000085200000|  0%| F|  |TAMS 0x0000000085100000, 0x0000000085100000| Untracked 
|  82|0x0000000085200000, 0x0000000085200000, 0x0000000085300000|  0%| F|  |TAMS 0x0000000085200000, 0x0000000085200000| Untracked 
|  83|0x0000000085300000, 0x0000000085300000, 0x0000000085400000|  0%| F|  |TAMS 0x0000000085300000, 0x0000000085300000| Untracked 
|  84|0x0000000085400000, 0x0000000085400000, 0x0000000085500000|  0%| F|  |TAMS 0x0000000085400000, 0x0000000085400000| Untracked 
|  85|0x0000000085500000, 0x0000000085500000, 0x0000000085600000|  0%| F|  |TAMS 0x0000000085500000, 0x0000000085500000| Untracked 
|  86|0x0000000085600000, 0x0000000085600000, 0x0000000085700000|  0%| F|  |TAMS 0x0000000085600000, 0x0000000085600000| Untracked 
|  87|0x0000000085700000, 0x0000000085700000, 0x0000000085800000|  0%| F|  |TAMS 0x0000000085700000, 0x0000000085700000| Untracked 
|  88|0x0000000085800000, 0x0000000085800000, 0x0000000085900000|  0%| F|  |TAMS 0x0000000085800000, 0x0000000085800000| Untracked 
|  89|0x0000000085900000, 0x0000000085900000, 0x0000000085a00000|  0%| F|  |TAMS 0x0000000085900000, 0x0000000085900000| Untracked 
|  90|0x0000000085a00000, 0x0000000085a00000, 0x0000000085b00000|  0%| F|  |TAMS 0x0000000085a00000, 0x0000000085a00000| Untracked 
|  91|0x0000000085b00000, 0x0000000085b00000, 0x0000000085c00000|  0%| F|  |TAMS 0x0000000085b00000, 0x0000000085b00000| Untracked 
|  92|0x0000000085c00000, 0x0000000085c00000, 0x0000000085d00000|  0%| F|  |TAMS 0x0000000085c00000, 0x0000000085c00000| Untracked 
|  93|0x0000000085d00000, 0x0000000085d00000, 0x0000000085e00000|  0%| F|  |TAMS 0x0000000085d00000, 0x0000000085d00000| Untracked 
|  94|0x0000000085e00000, 0x0000000085e00000, 0x0000000085f00000|  0%| F|  |TAMS 0x0000000085e00000, 0x0000000085e00000| Untracked 
|  95|0x0000000085f00000, 0x0000000085f00000, 0x0000000086000000|  0%| F|  |TAMS 0x0000000085f00000, 0x0000000085f00000| Untracked 
|  96|0x0000000086000000, 0x0000000086000000, 0x0000000086100000|  0%| F|  |TAMS 0x0000000086000000, 0x0000000086000000| Untracked 
|  97|0x0000000086100000, 0x0000000086100000, 0x0000000086200000|  0%| F|  |TAMS 0x0000000086100000, 0x0000000086100000| Untracked 
|  98|0x0000000086200000, 0x0000000086200000, 0x0000000086300000|  0%| F|  |TAMS 0x0000000086200000, 0x0000000086200000| Untracked 
|  99|0x0000000086300000, 0x0000000086300000, 0x0000000086400000|  0%| F|  |TAMS 0x0000000086300000, 0x0000000086300000| Untracked 
| 100|0x0000000086400000, 0x0000000086500000, 0x0000000086500000|100%| E|  |TAMS 0x0000000086400000, 0x0000000086400000| Complete 
| 101|0x0000000086500000, 0x0000000086600000, 0x0000000086600000|100%| E|CS|TAMS 0x0000000086500000, 0x0000000086500000| Complete 
| 102|0x0000000086600000, 0x0000000086700000, 0x0000000086700000|100%| E|CS|TAMS 0x0000000086600000, 0x0000000086600000| Complete 
| 103|0x0000000086700000, 0x0000000086800000, 0x0000000086800000|100%| E|CS|TAMS 0x0000000086700000, 0x0000000086700000| Complete 
| 104|0x0000000086800000, 0x0000000086900000, 0x0000000086900000|100%| E|CS|TAMS 0x0000000086800000, 0x0000000086800000| Complete 
| 105|0x0000000086900000, 0x0000000086a00000, 0x0000000086a00000|100%| E|CS|TAMS 0x0000000086900000, 0x0000000086900000| Complete 
| 106|0x0000000086a00000, 0x0000000086b00000, 0x0000000086b00000|100%| E|CS|TAMS 0x0000000086a00000, 0x0000000086a00000| Complete 
| 107|0x0000000086b00000, 0x0000000086c00000, 0x0000000086c00000|100%| E|CS|TAMS 0x0000000086b00000, 0x0000000086b00000| Complete 
| 108|0x0000000086c00000, 0x0000000086d00000, 0x0000000086d00000|100%| E|CS|TAMS 0x0000000086c00000, 0x0000000086c00000| Complete 
| 109|0x0000000086d00000, 0x0000000086e00000, 0x0000000086e00000|100%| E|CS|TAMS 0x0000000086d00000, 0x0000000086d00000| Complete 
| 110|0x0000000086e00000, 0x0000000086f00000, 0x0000000086f00000|100%| E|CS|TAMS 0x0000000086e00000, 0x0000000086e00000| Complete 
| 111|0x0000000086f00000, 0x0000000087000000, 0x0000000087000000|100%| E|CS|TAMS 0x0000000086f00000, 0x0000000086f00000| Complete 
| 112|0x0000000087000000, 0x0000000087100000, 0x0000000087100000|100%| E|CS|TAMS 0x0000000087000000, 0x0000000087000000| Complete 
| 113|0x0000000087100000, 0x0000000087200000, 0x0000000087200000|100%| E|CS|TAMS 0x0000000087100000, 0x0000000087100000| Complete 
| 114|0x0000000087200000, 0x0000000087300000, 0x0000000087300000|100%| E|CS|TAMS 0x0000000087200000, 0x0000000087200000| Complete 
| 115|0x0000000087300000, 0x0000000087400000, 0x0000000087400000|100%| E|CS|TAMS 0x0000000087300000, 0x0000000087300000| Complete 
| 116|0x0000000087400000, 0x0000000087500000, 0x0000000087500000|100%| E|CS|TAMS 0x0000000087400000, 0x0000000087400000| Complete 
| 117|0x0000000087500000, 0x0000000087600000, 0x0000000087600000|100%| E|CS|TAMS 0x0000000087500000, 0x0000000087500000| Complete 
| 118|0x0000000087600000, 0x0000000087700000, 0x0000000087700000|100%| E|CS|TAMS 0x0000000087600000, 0x0000000087600000| Complete 
| 119|0x0000000087700000, 0x0000000087800000, 0x0000000087800000|100%| E|CS|TAMS 0x0000000087700000, 0x0000000087700000| Complete 
| 120|0x0000000087800000, 0x0000000087900000, 0x0000000087900000|100%| E|CS|TAMS 0x0000000087800000, 0x0000000087800000| Complete 
| 121|0x0000000087900000, 0x0000000087a00000, 0x0000000087a00000|100%| E|CS|TAMS 0x0000000087900000, 0x0000000087900000| Complete 
| 122|0x0000000087a00000, 0x0000000087b00000, 0x0000000087b00000|100%| E|CS|TAMS 0x0000000087a00000, 0x0000000087a00000| Complete 
| 123|0x0000000087b00000, 0x0000000087c00000, 0x0000000087c00000|100%| E|CS|TAMS 0x0000000087b00000, 0x0000000087b00000| Complete 
| 124|0x0000000087c00000, 0x0000000087d00000, 0x0000000087d00000|100%| E|CS|TAMS 0x0000000087c00000, 0x0000000087c00000| Complete 
| 125|0x0000000087d00000, 0x0000000087e00000, 0x0000000087e00000|100%| E|CS|TAMS 0x0000000087d00000, 0x0000000087d00000| Complete 
| 126|0x0000000087e00000, 0x0000000087f00000, 0x0000000087f00000|100%| E|CS|TAMS 0x0000000087e00000, 0x0000000087e00000| Complete 
| 127|0x0000000087f00000, 0x0000000088000000, 0x0000000088000000|100%| E|CS|TAMS 0x0000000087f00000, 0x0000000087f00000| Complete 

Card table byte_map: [0x000001c0a93e0000,0x000001c0a97e0000] _byte_map_base: 0x000001c0a8fe0000

Marking Bits (Prev, Next): (CMBitMap*) 0x000001c095e0be50, (CMBitMap*) 0x000001c095e0be10
 Prev Bits: [0x000001c0abbe0000, 0x000001c0adbe0000)
 Next Bits: [0x000001c0a9be0000, 0x000001c0abbe0000)

Polling page: 0x000001c093d70000

Metaspace:

Usage:
  Non-class:     22.75 MB used.
      Class:      2.63 MB used.
       Both:     25.38 MB used.

Virtual space:
  Non-class space:       64.00 MB reserved,      22.94 MB ( 36%) committed,  1 nodes.
      Class space:        1.00 GB reserved,       2.81 MB ( <1%) committed,  1 nodes.
             Both:        1.06 GB reserved,      25.75 MB (  2%) committed. 

Chunk freelists:
   Non-Class:  8.23 MB
       Class:  13.02 MB
        Both:  21.25 MB

MaxMetaspaceSize: unlimited
CompressedClassSpaceSize: 1.00 GB
Initial GC threshold: 21.00 MB
Current GC threshold: 35.12 MB
CDS: off
MetaspaceReclaimPolicy: balanced
 - commit_granule_bytes: 65536.
 - commit_granule_words: 8192.
 - virtual_space_node_default_size: 8388608.
 - enlarge_chunks_in_place: 1.
 - new_chunks_are_fully_committed: 0.
 - uncommit_free_chunks: 1.
 - use_allocation_guard: 0.
 - handle_deallocations: 1.


Internal statistics:

num_allocs_failed_limit: 3.
num_arena_births: 444.
num_arena_deaths: 0.
num_vsnodes_births: 2.
num_vsnodes_deaths: 0.
num_space_committed: 412.
num_space_uncommitted: 0.
num_chunks_returned_to_freelist: 3.
num_chunks_taken_from_freelist: 972.
num_chunk_merges: 0.
num_chunk_splits: 535.
num_chunks_enlarged: 228.
num_inconsistent_stats: 0.

CodeHeap 'non-profiled nmethods': size=119168Kb used=1739Kb max_used=1739Kb free=117428Kb
 bounds [0x000001c0a10d0000, 0x000001c0a1340000, 0x000001c0a8530000]
CodeHeap 'profiled nmethods': size=119104Kb used=7847Kb max_used=7847Kb free=111256Kb
 bounds [0x000001c099530000, 0x000001c099ce0000, 0x000001c0a0980000]
CodeHeap 'non-nmethods': size=7488Kb used=1250Kb max_used=2964Kb free=6238Kb
 bounds [0x000001c0a0980000, 0x000001c0a0c70000, 0x000001c0a10d0000]
 total_blobs=4196 nmethods=3640 adapters=468
 compilation: enabled
              stopped_count=0, restarted_count=0
 full_count=0

Compilation events (20 events):
Event: 1245.343 Thread 0x000001c0b10cfbd0 nmethod 3631 0x000001c099cd5390 code [0x000001c099cd55e0, 0x000001c099cd5e08]
Event: 1245.343 Thread 0x000001c0b10cfbd0 3635       3       jdk.internal.loader.URLClassPath::findResource (38 bytes)
Event: 1245.344 Thread 0x000001c0b10cfbd0 nmethod 3635 0x000001c099cd6190 code [0x000001c099cd6360, 0x000001c099cd6698]
Event: 1245.344 Thread 0x000001c0b10cfbd0 3632       3       java.net.URLClassLoader$2::<init> (15 bytes)
Event: 1245.344 Thread 0x000001c0b10cfbd0 nmethod 3632 0x000001c099cd6810 code [0x000001c099cd69c0, 0x000001c099cd6bd8]
Event: 1245.344 Thread 0x000001c0b10cfbd0 3633       3       java.net.URLClassLoader$2::run (5 bytes)
Event: 1245.344 Thread 0x000001c0b10cfbd0 nmethod 3633 0x000001c099cd6c90 code [0x000001c099cd6e40, 0x000001c099cd7028]
Event: 1245.344 Thread 0x000001c0b10cfbd0 3634       3       java.net.URLClassLoader$2::run (16 bytes)
Event: 1245.344 Thread 0x000001c0b10cfbd0 nmethod 3634 0x000001c099cd7190 code [0x000001c099cd7340, 0x000001c099cd74a8]
Event: 1275.346 Thread 0x000001c0b10cfbd0 3636   !   3       com.mysql.cj.jdbc.AbandonedConnectionCleanupThread::checkThreadContextClassLoader (20 bytes)
Event: 1275.352 Thread 0x000001c0b10cfbd0 nmethod 3636 0x000001c099cd7590 code [0x000001c099cd7820, 0x000001c099cd8718]
Event: 1594.279 Thread 0x000001c0b10cfbd0 3637       3       com.intellij.execution.rmi.IdeaWatchdogImpl::isAlive (38 bytes)
Event: 1594.307 Thread 0x000001c0b10cfbd0 nmethod 3637 0x000001c099cd8d10 code [0x000001c099cd8f60, 0x000001c099cd9988]
Event: 1675.301 Thread 0x000001c0b10cf1d0 3638   !   4       sun.rmi.transport.StreamRemoteCall::releaseOutputStream (60 bytes)
Event: 1675.345 Thread 0x000001c0b10cf1d0 nmethod 3638 0x000001c0a127fb10 code [0x000001c0a127fd20, 0x000001c0a1280ce8]
Event: 1684.301 Thread 0x000001c0b10cf1d0 3639       4       java.io.ObjectOutputStream::isCustomSubclass (21 bytes)
Event: 1684.305 Thread 0x000001c0b10cf1d0 nmethod 3639 0x000001c0a1281510 code [0x000001c0a1281680, 0x000001c0a1281758]
Event: 1684.305 Thread 0x000001c0b10cf1d0 3640       4       sun.rmi.server.MarshalOutputStream::annotateClass (9 bytes)
Event: 1684.325 Thread 0x000001c0b10cf1d0 nmethod 3640 0x000001c0a1281810 code [0x000001c0a1281a40, 0x000001c0a1282360]
Event: 1693.311 Thread 0x000001c0b10cf1d0 3641   !   4       sun.rmi.server.UnicastServerRef::dispatch (492 bytes)

GC Heap History (6 events):
Event: 0.670 GC heap before
{Heap before GC invocations=0 (full 0):
 garbage-first heap   total 131072K, used 25600K [0x0000000080000000, 0x0000000100000000)
  region size 1024K, 23 young (23552K), 0 survivors (0K)
 Metaspace       used 19027K, committed 19328K, reserved 1114112K
  class space    used 2004K, committed 2176K, reserved 1048576K
}
Event: 0.674 GC heap after
{Heap after GC invocations=1 (full 0):
 garbage-first heap   total 131072K, used 8462K [0x0000000080000000, 0x0000000100000000)
  region size 1024K, 3 young (3072K), 3 survivors (3072K)
 Metaspace       used 19027K, committed 19328K, reserved 1114112K
  class space    used 2004K, committed 2176K, reserved 1048576K
}
Event: 0.736 GC heap before
{Heap before GC invocations=1 (full 0):
 garbage-first heap   total 131072K, used 10510K [0x0000000080000000, 0x0000000100000000)
  region size 1024K, 6 young (6144K), 3 survivors (3072K)
 Metaspace       used 21234K, committed 21504K, reserved 1114112K
  class space    used 2291K, committed 2432K, reserved 1048576K
}
Event: 0.739 GC heap after
{Heap after GC invocations=2 (full 0):
 garbage-first heap   total 131072K, used 9634K [0x0000000080000000, 0x0000000100000000)
  region size 1024K, 1 young (1024K), 1 survivors (1024K)
 Metaspace       used 21234K, committed 21504K, reserved 1114112K
  class space    used 2291K, committed 2432K, reserved 1048576K
}
Event: 157.579 GC heap before
{Heap before GC invocations=3 (full 0):
 garbage-first heap   total 131072K, used 56738K [0x0000000080000000, 0x0000000100000000)
  region size 1024K, 47 young (48128K), 1 survivors (1024K)
 Metaspace       used 25692K, committed 26112K, reserved 1114112K
  class space    used 2689K, committed 2880K, reserved 1048576K
}
Event: 157.582 GC heap after
{Heap after GC invocations=4 (full 0):
 garbage-first heap   total 131072K, used 11179K [0x0000000080000000, 0x0000000100000000)
  region size 1024K, 3 young (3072K), 3 survivors (3072K)
 Metaspace       used 25692K, committed 26112K, reserved 1114112K
  class space    used 2689K, committed 2880K, reserved 1048576K
}

Dll operation events (1 events):
Event: 0.008 Loaded shared library E:\myjava\IntelliJ IDEA 2024.1.2\jbr\bin\java.dll

Deoptimization events (20 events):
Event: 300.466 Thread 0x000001c0b17bb3e0 Uncommon trap: trap_request=0xffffff45 fr.pc=0x000001c0a11ff140 relative=0x0000000000002860
Event: 300.466 Thread 0x000001c0b17bb3e0 Uncommon trap: reason=unstable_if action=reinterpret pc=0x000001c0a11ff140 method=sun.rmi.transport.StreamRemoteCall.getInputStream()Ljava/io/ObjectInput; @ 42 c2
Event: 300.466 Thread 0x000001c0b17bb3e0 DEOPT PACKING pc=0x000001c0a11ff140 sp=0x00000002869fec40
Event: 300.466 Thread 0x000001c0b17bb3e0 DEOPT UNPACKING pc=0x000001c0a09d69a3 sp=0x00000002869fec60 mode 2
Event: 300.466 Thread 0x000001c0b17bb3e0 Uncommon trap: trap_request=0xffffffde fr.pc=0x000001c0a1240a18 relative=0x00000000000001f8
Event: 300.466 Thread 0x000001c0b17bb3e0 Uncommon trap: reason=class_check action=maybe_recompile pc=0x000001c0a1240a18 method=java.io.ObjectInputStream.filterCheck(Ljava/lang/Class;I)V @ 55 c2
Event: 300.466 Thread 0x000001c0b17bb3e0 DEOPT PACKING pc=0x000001c0a1240a18 sp=0x00000002869fe9d0
Event: 300.466 Thread 0x000001c0b17bb3e0 DEOPT UNPACKING pc=0x000001c0a09d69a3 sp=0x00000002869fe960 mode 2
Event: 300.466 Thread 0x000001c0b17bb3e0 Uncommon trap: trap_request=0xffffffde fr.pc=0x000001c0a1240a18 relative=0x00000000000001f8
Event: 300.466 Thread 0x000001c0b17bb3e0 Uncommon trap: reason=class_check action=maybe_recompile pc=0x000001c0a1240a18 method=java.io.ObjectInputStream.filterCheck(Ljava/lang/Class;I)V @ 55 c2
Event: 300.466 Thread 0x000001c0b17bb3e0 DEOPT PACKING pc=0x000001c0a1240a18 sp=0x00000002869fe730
Event: 300.466 Thread 0x000001c0b17bb3e0 DEOPT UNPACKING pc=0x000001c0a09d69a3 sp=0x00000002869fe6c0 mode 2
Event: 300.466 Thread 0x000001c0b17bb3e0 Uncommon trap: trap_request=0xffffffde fr.pc=0x000001c0a1240a18 relative=0x00000000000001f8
Event: 300.466 Thread 0x000001c0b17bb3e0 Uncommon trap: reason=class_check action=maybe_recompile pc=0x000001c0a1240a18 method=java.io.ObjectInputStream.filterCheck(Ljava/lang/Class;I)V @ 55 c2
Event: 300.466 Thread 0x000001c0b17bb3e0 DEOPT PACKING pc=0x000001c0a1240a18 sp=0x00000002869fe4e0
Event: 300.466 Thread 0x000001c0b17bb3e0 DEOPT UNPACKING pc=0x000001c0a09d69a3 sp=0x00000002869fe470 mode 2
Event: 300.466 Thread 0x000001c0b17bb3e0 Uncommon trap: trap_request=0xffffffde fr.pc=0x000001c0a1240a18 relative=0x00000000000001f8
Event: 300.466 Thread 0x000001c0b17bb3e0 Uncommon trap: reason=class_check action=maybe_recompile pc=0x000001c0a1240a18 method=java.io.ObjectInputStream.filterCheck(Ljava/lang/Class;I)V @ 55 c2
Event: 300.466 Thread 0x000001c0b17bb3e0 DEOPT PACKING pc=0x000001c0a1240a18 sp=0x00000002869fe5f0
Event: 300.466 Thread 0x000001c0b17bb3e0 DEOPT UNPACKING pc=0x000001c0a09d69a3 sp=0x00000002869fe580 mode 2

Classes unloaded (0 events):
No events

Classes redefined (0 events):
No events

Internal exceptions (20 events):
Event: 0.647 Thread 0x000001c0b17baed0 Exception <a 'java/lang/NoSuchMethodError'{0x0000000086924868}: 'int java.lang.invoke.DirectMethodHandle$Holder.invokeStaticInit(java.lang.Object, java.lang.Object)'> (0x0000000086924868) 
thrown [s\src\hotspot\share\interpreter\linkResolver.cpp, line 771]
Event: 0.828 Thread 0x000001c0b17baed0 Exception <a 'java/lang/NoSuchMethodError'{0x0000000087a76d88}: 'java.lang.Object java.lang.invoke.DirectMethodHandle$Holder.newInvokeSpecial(java.lang.Object, java.lang.Object, int)'> (0x0000000087a76d88) 
thrown [s\src\hotspot\share\interpreter\linkResolver.cpp, line 771]
Event: 1.092 Thread 0x000001c0b17baed0 Exception <a 'java/lang/NoSuchMethodError'{0x00000000875af590}: static Lcom/intellij/database/remote/jdbc/RemoteResultSet$DataRetrievingOptions;.<clinit>()V> (0x00000000875af590) 
thrown [s\src\hotspot\share\prims\jni.cpp, line 1127]
Event: 1.094 Thread 0x000001c0b17baed0 Exception <a 'java/lang/NoSuchMethodError'{0x00000000875c55e8}: static [Ljava/lang/Object;.<clinit>()V> (0x00000000875c55e8) 
thrown [s\src\hotspot\share\prims\jni.cpp, line 1127]
Event: 35.496 Thread 0x000001c0b17baed0 Exception <a 'java/lang/NoSuchMethodError'{0x00000000872b7970}: static Lcom/intellij/database/remote/jdbc/ColumnInfo;.<clinit>()V> (0x00000000872b7970) 
thrown [s\src\hotspot\share\prims\jni.cpp, line 1127]
Event: 75.498 Thread 0x000001c0b17baed0 Exception <a 'java/lang/reflect/InvocationTargetException'{0x0000000086bf5e90}> (0x0000000086bf5e90) 
thrown [s\src\hotspot\share\runtime\reflection.cpp, line 1127]
Event: 75.498 Thread 0x000001c0b17baed0 Exception <a 'java/lang/NoSuchMethodError'{0x0000000086a0d238}: static [Ljava/lang/StackTraceElement;.<clinit>()V> (0x0000000086a0d238) 
thrown [s\src\hotspot\share\prims\jni.cpp, line 1127]
Event: 88.113 Thread 0x000001c0b17baed0 Exception <a 'java/lang/reflect/InvocationTargetException'{0x0000000086a6c4f8}> (0x0000000086a6c4f8) 
thrown [s\src\hotspot\share\runtime\reflection.cpp, line 1127]
Event: 99.554 Thread 0x000001c0b17baed0 Exception <a 'java/lang/reflect/InvocationTargetException'{0x0000000086935880}> (0x0000000086935880) 
thrown [s\src\hotspot\share\runtime\reflection.cpp, line 1127]
Event: 141.186 Thread 0x000001c0b17baed0 Exception <a 'java/lang/NoSuchMethodError'{0x00000000866ef8a0}: static Lcom/intellij/database/remote/jdba/core/ConnectionInfo;.<clinit>()V> (0x00000000866ef8a0) 
thrown [s\src\hotspot\share\prims\jni.cpp, line 1127]
Event: 141.186 Thread 0x000001c0b17baed0 Exception <a 'java/lang/NoSuchMethodError'{0x00000000866f9c58}: static Ljava/lang/Object;.<clinit>()V> (0x00000000866f9c58) 
thrown [s\src\hotspot\share\prims\jni.cpp, line 1127]
Event: 141.186 Thread 0x000001c0b17baed0 Exception <a 'java/lang/NoSuchMethodError'{0x00000000866fd7a8}: static [I.<clinit>()V> (0x00000000866fd7a8) 
thrown [s\src\hotspot\share\prims\jni.cpp, line 1127]
Event: 141.209 Thread 0x000001c0b17baed0 Exception <a 'java/lang/NoSuchMethodError'{0x000000008656ce30}: static Lcom/intellij/database/remote/jdba/core/ResultLayout;.<clinit>()V> (0x000000008656ce30) 
thrown [s\src\hotspot\share\prims\jni.cpp, line 1127]
Event: 141.209 Thread 0x000001c0b17baed0 Exception <a 'java/lang/NoSuchMethodError'{0x0000000086579988}: static Lcom/intellij/database/remote/jdba/core/RowLayout;.<clinit>()V> (0x0000000086579988) 
thrown [s\src\hotspot\share\prims\jni.cpp, line 1127]
Event: 141.209 Thread 0x000001c0b17baed0 Exception <a 'java/lang/NoSuchMethodError'{0x0000000086584a98}: static Lcom/intellij/database/remote/jdba/util/NameAndClass;.<clinit>()V> (0x0000000086584a98) 
thrown [s\src\hotspot\share\prims\jni.cpp, line 1127]
Event: 141.229 Thread 0x000001c0b17baed0 Exception <a 'java/lang/NoSuchMethodError'{0x0000000086445878}: static [Ljava/lang/String;.<clinit>()V> (0x0000000086445878) 
thrown [s\src\hotspot\share\prims\jni.cpp, line 1127]
Event: 141.779 Thread 0x000001c0b17baed0 Exception <a 'java/io/IOException'{0x00000000855358c0}> (0x00000000855358c0) 
thrown [s\src\hotspot\share\prims\jni.cpp, line 531]
Event: 141.780 Thread 0x000001c0b17baed0 Exception <a 'java/lang/NoSuchMethodError'{0x0000000085538670}: 'void java.lang.invoke.DirectMethodHandle$Holder.invokeInterface(java.lang.Object, java.lang.Object)'> (0x0000000085538670) 
thrown [s\src\hotspot\share\interpreter\linkResolver.cpp, line 771]
Event: 168.295 Thread 0x000001c0b17baed0 Exception <a 'java/lang/reflect/InvocationTargetException'{0x0000000087c4fe40}> (0x0000000087c4fe40) 
thrown [s\src\hotspot\share\runtime\reflection.cpp, line 1127]
Event: 300.465 Thread 0x000001c0b17bb3e0 Implicit null exception at 0x000001c0a11f7ad7 to 0x000001c0a11f92ac

VM Operations (20 events):
Event: 600.825 Executing VM operation: Cleanup
Event: 600.825 Executing VM operation: Cleanup done
Event: 610.831 Executing VM operation: Cleanup
Event: 610.831 Executing VM operation: Cleanup done
Event: 900.987 Executing VM operation: Cleanup
Event: 900.987 Executing VM operation: Cleanup done
Event: 918.995 Executing VM operation: Cleanup
Event: 918.995 Executing VM operation: Cleanup done
Event: 1019.046 Executing VM operation: Cleanup
Event: 1019.046 Executing VM operation: Cleanup done
Event: 1022.200 Executing VM operation: HandshakeAllThreads
Event: 1022.200 Executing VM operation: HandshakeAllThreads done
Event: 1082.336 Executing VM operation: HandshakeAllThreads
Event: 1082.336 Executing VM operation: HandshakeAllThreads done
Event: 1090.339 Executing VM operation: Cleanup
Event: 1090.339 Executing VM operation: Cleanup done
Event: 1201.402 Executing VM operation: Cleanup
Event: 1201.403 Executing VM operation: Cleanup done
Event: 1215.410 Executing VM operation: Cleanup
Event: 1215.410 Executing VM operation: Cleanup done

Events (20 events):
Event: 1081.362 Thread 0x000001c0b66f4f80 Thread added: 0x000001c0b66f4f80
Event: 1081.362 Thread 0x000001c0b66f9b70 Thread added: 0x000001c0b66f9b70
Event: 1081.362 Thread 0x000001c0b66fbee0 Thread added: 0x000001c0b66fbee0
Event: 1081.362 Thread 0x000001c0b66fa080 Thread added: 0x000001c0b66fa080
Event: 1081.362 Thread 0x000001c0b17ba9c0 Thread exited: 0x000001c0b17ba9c0
Event: 1081.362 Thread 0x000001c0b66faaa0 Thread exited: 0x000001c0b66faaa0
Event: 1081.362 Thread 0x000001c0b17bdc60 Thread exited: 0x000001c0b17bdc60
Event: 1081.362 Thread 0x000001c0b17bc820 Thread exited: 0x000001c0b17bc820
Event: 1081.362 Thread 0x000001c0b66f68d0 Thread exited: 0x000001c0b66f68d0
Event: 1081.362 Thread 0x000001c0b66f9660 Thread exited: 0x000001c0b66f9660
Event: 1081.362 Thread 0x000001c0b66fa590 Thread exited: 0x000001c0b66fa590
Event: 1081.362 Thread 0x000001c0b66fb4c0 Thread exited: 0x000001c0b66fb4c0
Event: 1081.362 Thread 0x000001c0b66fafb0 Thread exited: 0x000001c0b66fafb0
Event: 1081.362 Thread 0x000001c0b66f7d10 Thread exited: 0x000001c0b66f7d10
Event: 1081.363 Thread 0x000001c0b66fb9d0 Thread exited: 0x000001c0b66fb9d0
Event: 1081.363 Thread 0x000001c0b66f72f0 Thread exited: 0x000001c0b66f72f0
Event: 1081.363 Thread 0x000001c0b66fbee0 Thread exited: 0x000001c0b66fbee0
Event: 1081.363 Thread 0x000001c0b66f9b70 Thread exited: 0x000001c0b66f9b70
Event: 1081.363 Thread 0x000001c0b66fa080 Thread exited: 0x000001c0b66fa080
Event: 1081.363 Thread 0x000001c0b66f4f80 Thread exited: 0x000001c0b66f4f80


Dynamic libraries:
0x00007ff623270000 - 0x00007ff62327a000 	E:\myjava\IntelliJ IDEA 2024.1.2\jbr\bin\java.exe
0x00007ffedf7b0000 - 0x00007ffedf9c7000 	C:\WINDOWS\SYSTEM32\ntdll.dll
0x00007ffede630000 - 0x00007ffede6f4000 	C:\WINDOWS\System32\KERNEL32.DLL
0x00007ffedcd40000 - 0x00007ffedd0fa000 	C:\WINDOWS\System32\KERNELBASE.dll
0x00007ffedd1c0000 - 0x00007ffedd2d1000 	C:\WINDOWS\System32\ucrtbase.dll
0x00007ffec3a60000 - 0x00007ffec3a77000 	E:\myjava\IntelliJ IDEA 2024.1.2\jbr\bin\jli.dll
0x00007ffede480000 - 0x00007ffede62e000 	C:\WINDOWS\System32\USER32.dll
0x00007ffedcd10000 - 0x00007ffedcd36000 	C:\WINDOWS\System32\win32u.dll
0x00007ffedd550000 - 0x00007ffedd579000 	C:\WINDOWS\System32\GDI32.dll
0x00007ffedd2e0000 - 0x00007ffedd3fb000 	C:\WINDOWS\System32\gdi32full.dll
0x00007ffedd400000 - 0x00007ffedd49a000 	C:\WINDOWS\System32\msvcp_win.dll
0x00007ffec4150000 - 0x00007ffec43e2000 	C:\WINDOWS\WinSxS\amd64_microsoft.windows.common-controls_6595b64144ccf1df_6.0.22621.4541_none_2710d1c57384c085\COMCTL32.dll
0x00007ffededf0000 - 0x00007ffedee97000 	C:\WINDOWS\System32\msvcrt.dll
0x00007ffed4d30000 - 0x00007ffed4d4b000 	E:\myjava\IntelliJ IDEA 2024.1.2\jbr\bin\VCRUNTIME140.dll
0x00007ffede8b0000 - 0x00007ffede8e1000 	C:\WINDOWS\System32\IMM32.DLL
0x00007ffeb9d30000 - 0x00007ffeb9d3c000 	E:\myjava\IntelliJ IDEA 2024.1.2\jbr\bin\vcruntime140_1.dll
0x00007ffe968a0000 - 0x00007ffe9692d000 	E:\myjava\IntelliJ IDEA 2024.1.2\jbr\bin\msvcp140.dll
0x00007ffe65770000 - 0x00007ffe663f3000 	E:\myjava\IntelliJ IDEA 2024.1.2\jbr\bin\server\jvm.dll
0x00007ffedd8b0000 - 0x00007ffedd962000 	C:\WINDOWS\System32\ADVAPI32.dll
0x00007ffedeea0000 - 0x00007ffedef47000 	C:\WINDOWS\System32\sechost.dll
0x00007ffedcc60000 - 0x00007ffedcc88000 	C:\WINDOWS\System32\bcrypt.dll
0x00007ffedd970000 - 0x00007ffedda84000 	C:\WINDOWS\System32\RPCRT4.dll
0x00007ffeb91a0000 - 0x00007ffeb91a9000 	C:\WINDOWS\SYSTEM32\WSOCK32.dll
0x00007ffed66c0000 - 0x00007ffed66f4000 	C:\WINDOWS\SYSTEM32\WINMM.dll
0x00007ffeded70000 - 0x00007ffedede1000 	C:\WINDOWS\System32\WS2_32.dll
0x00007ffed48d0000 - 0x00007ffed48da000 	C:\WINDOWS\SYSTEM32\VERSION.dll
0x00007ffedb900000 - 0x00007ffedb94d000 	C:\WINDOWS\SYSTEM32\POWRPROF.dll
0x00007ffedb8e0000 - 0x00007ffedb8f3000 	C:\WINDOWS\SYSTEM32\UMPDC.dll
0x00007ffedbb00000 - 0x00007ffedbb18000 	C:\WINDOWS\SYSTEM32\kernel.appcore.dll
0x00007ffed79d0000 - 0x00007ffed79da000 	E:\myjava\IntelliJ IDEA 2024.1.2\jbr\bin\jimage.dll
0x00007ffed9d70000 - 0x00007ffed9fa2000 	C:\WINDOWS\SYSTEM32\DBGHELP.DLL
0x00007ffedf340000 - 0x00007ffedf6d1000 	C:\WINDOWS\System32\combase.dll
0x00007ffedef50000 - 0x00007ffedf027000 	C:\WINDOWS\System32\OLEAUT32.dll
0x00007ffece4a0000 - 0x00007ffece4d2000 	C:\WINDOWS\SYSTEM32\dbgcore.DLL
0x00007ffedcc90000 - 0x00007ffedcd0b000 	C:\WINDOWS\System32\bcryptPrimitives.dll
0x00007ffed4510000 - 0x00007ffed4535000 	E:\myjava\IntelliJ IDEA 2024.1.2\jbr\bin\java.dll
0x00007ffed44d0000 - 0x00007ffed44e8000 	E:\myjava\IntelliJ IDEA 2024.1.2\jbr\bin\zip.dll
0x00007ffeddb00000 - 0x00007ffede379000 	C:\WINDOWS\System32\SHELL32.dll
0x00007ffeda9c0000 - 0x00007ffedb2c9000 	C:\WINDOWS\SYSTEM32\windows.storage.dll
0x00007ffeda880000 - 0x00007ffeda9bf000 	C:\WINDOWS\SYSTEM32\wintypes.dll
0x00007ffedd790000 - 0x00007ffedd88a000 	C:\WINDOWS\System32\SHCORE.dll
0x00007ffedf2e0000 - 0x00007ffedf33e000 	C:\WINDOWS\System32\shlwapi.dll
0x00007ffedc9a0000 - 0x00007ffedc9cb000 	C:\WINDOWS\SYSTEM32\profapi.dll
0x00007ffed44b0000 - 0x00007ffed44c9000 	E:\myjava\IntelliJ IDEA 2024.1.2\jbr\bin\net.dll
0x00007ffed8490000 - 0x00007ffed85c6000 	C:\WINDOWS\SYSTEM32\WINHTTP.dll
0x00007ffedc020000 - 0x00007ffedc089000 	C:\WINDOWS\system32\mswsock.dll
0x00007ffec3cb0000 - 0x00007ffec3cc6000 	E:\myjava\IntelliJ IDEA 2024.1.2\jbr\bin\nio.dll
0x00007ffedb5e0000 - 0x00007ffedb60d000 	C:\WINDOWS\SYSTEM32\IPHLPAPI.DLL
0x00007ffede890000 - 0x00007ffede899000 	C:\WINDOWS\System32\NSI.dll
0x00007ffed7cb0000 - 0x00007ffed7cc9000 	C:\WINDOWS\SYSTEM32\dhcpcsvc6.DLL
0x00007ffed7a10000 - 0x00007ffed7a2f000 	C:\WINDOWS\SYSTEM32\dhcpcsvc.DLL
0x00007ffedb610000 - 0x00007ffedb712000 	C:\WINDOWS\SYSTEM32\DNSAPI.dll
0x00007ffedc270000 - 0x00007ffedc28b000 	C:\WINDOWS\SYSTEM32\CRYPTSP.dll
0x00007ffedbb20000 - 0x00007ffedbb55000 	C:\WINDOWS\system32\rsaenh.dll
0x00007ffedc110000 - 0x00007ffedc138000 	C:\WINDOWS\SYSTEM32\USERENV.dll
0x00007ffedc290000 - 0x00007ffedc29c000 	C:\WINDOWS\SYSTEM32\CRYPTBASE.dll
0x00007ffed43f0000 - 0x00007ffed43f9000 	E:\myjava\IntelliJ IDEA 2024.1.2\jbr\bin\extnet.dll
0x00007ffec2c40000 - 0x00007ffec2c47000 	E:\myjava\IntelliJ IDEA 2024.1.2\jbr\bin\rmi.dll
0x00007ffed8380000 - 0x00007ffed838a000 	C:\Windows\System32\rasadhlp.dll
0x00007ffed6c60000 - 0x00007ffed6ce3000 	C:\WINDOWS\System32\fwpuclnt.dll
0x00007ffed4420000 - 0x00007ffed442e000 	E:\myjava\IntelliJ IDEA 2024.1.2\jbr\bin\sunmscapi.dll
0x00007ffedca70000 - 0x00007ffedcbd6000 	C:\WINDOWS\System32\CRYPT32.dll
0x00007ffedc430000 - 0x00007ffedc45d000 	C:\WINDOWS\SYSTEM32\ncrypt.dll
0x00007ffedc3f0000 - 0x00007ffedc427000 	C:\WINDOWS\SYSTEM32\NTASN1.dll

dbghelp: loaded successfully - version: 4.0.5 - missing functions: none
symbol engine: initialized successfully - sym options: 0x614 - pdb path: .;E:\myjava\IntelliJ IDEA 2024.1.2\jbr\bin;C:\WINDOWS\SYSTEM32;C:\WINDOWS\WinSxS\amd64_microsoft.windows.common-controls_6595b64144ccf1df_6.0.22621.4541_none_2710d1c57384c085;E:\myjava\IntelliJ IDEA 2024.1.2\jbr\bin\server

VM Arguments:
jvm_args: -Djava.rmi.server.hostname=127.0.0.1 -Duser.timezone=UTC -Xmx2048m -Xms128m -Djdbc.classpath=E:\myjava\IntelliJ IDEA 2024.1.2\plugins\DatabaseTools\lib\jdbc-console.jar;C:\Users\admin\AppData\Roaming\JetBrains\IntelliJIdea2024.1\jdbc-drivers\MySQL ConnectorJ\8.2.0\com\mysql\mysql-connector-j\8.2.0\mysql-connector-j-8.2.0.jar;C:\Users\admin\AppData\Roaming\JetBrains\IntelliJIdea2024.1\jdbc-drivers\MySQL ConnectorJ\8.2.0\com\google\protobuf\protobuf-java\3.21.9\protobuf-java-3.21.9.jar --add-exports=java.desktop/sun.awt=ALL-UNNAMED --add-exports=java.desktop/java.awt.peer=ALL-UNNAMED --add-opens=java.desktop/java.awt=ALL-UNNAMED --add-opens=jdk.unsupported/sun.misc=ALL-UNNAMED --add-opens=java.base/java.nio=ALL-UNNAMED --add-opens=java.base/java.util=ALL-UNNAMED -Dfile.encoding=UTF-8 
java_command: com.intellij.database.remote.RemoteJdbcServer com.mysql.cj.jdbc.Driver
java_class_path (initial): E:\myjava\IntelliJ IDEA 2024.1.2\lib\util_rt.jar;E:\myjava\IntelliJ IDEA 2024.1.2\lib\util-8.jar;E:\myjava\IntelliJ IDEA 2024.1.2\lib\groovy.jar;E:\myjava\IntelliJ IDEA 2024.1.2\plugins\DatabaseTools\lib\jdbc-console.jar;E:\myjava\IntelliJ IDEA 2024.1.2\plugins\grid-core-impl\lib\jdbc-console-types.jar;E:\myjava\IntelliJ IDEA 2024.1.2\lib\util.jar
Launcher Type: SUN_STANDARD

[Global flags]
     intx CICompilerCount                          = 12                                        {product} {ergonomic}
     uint ConcGCThreads                            = 4                                         {product} {ergonomic}
     uint G1ConcRefinementThreads                  = 15                                        {product} {ergonomic}
   size_t G1HeapRegionSize                         = 1048576                                   {product} {ergonomic}
    uintx GCDrainStackTargetSize                   = 64                                        {product} {ergonomic}
   size_t InitialHeapSize                          = 134217728                                 {product} {command line}
   size_t MarkStackSize                            = 4194304                                   {product} {ergonomic}
   size_t MaxHeapSize                              = 2147483648                                {product} {command line}
   size_t MaxNewSize                               = 1287651328                                {product} {ergonomic}
   size_t MinHeapDeltaBytes                        = 1048576                                   {product} {ergonomic}
   size_t MinHeapSize                              = 134217728                                 {product} {command line}
    uintx NonNMethodCodeHeapSize                   = 7602480                                {pd product} {ergonomic}
    uintx NonProfiledCodeHeapSize                  = 122027880                              {pd product} {ergonomic}
    uintx ProfiledCodeHeapSize                     = 122027880                              {pd product} {ergonomic}
    uintx ReservedCodeCacheSize                    = 251658240                              {pd product} {ergonomic}
     bool SegmentedCodeCache                       = true                                      {product} {ergonomic}
   size_t SoftMaxHeapSize                          = 2147483648                             {manageable} {ergonomic}
     bool UseCompressedClassPointers               = true                           {product lp64_product} {ergonomic}
     bool UseCompressedOops                        = true                           {product lp64_product} {ergonomic}
     bool UseG1GC                                  = true                                      {product} {ergonomic}
     bool UseLargePagesIndividualAllocation        = false                                  {pd product} {ergonomic}

Logging:
Log output configuration:
 #0: stdout all=warning uptime,level,tags
 #1: stderr all=off uptime,level,tags

Environment Variables:
JAVA_HOME=D:\
CLASSPATH=D:\apache-jmeter-5.6.3\lib\ext\ApacheJMeter_core.jar;D:\apache-jmeter-5.6.3\lib\jorphan.jar;D:\apache-jmeter-5.6.3\lib/logkit-2.0.jar;D:\apache-jmeter-5.6.3\lib\jorphan.jar;
PATH=D:\Python313\Lib\site-packages;D:\Python313;D:\Python313\Scripts;D:\anaconda;D:\anaconda\Library\mingw-w64\bin;D:\anaconda\Library\usr\bin;D:\anaconda\Library\bin;D:\anaconda\Scripts;C:\Program Files (x86)\VMware\VMware Workstation\bin\;C:\windows\system32;C:\windows;C:\windows\System32\Wbem;C:\windows\System32\WindowsPowerShell\v1.0\;C:\windows\System32\OpenSSH\;C:\Program Files (x86)\NVIDIA Corporation\PhysX\Common;C:\Program Files\NVIDIA Corporation\NVIDIA NvDLISR;C:\Program Files\MySQL\MySQL Server 8.0\bin;C:\WINDOWS;C:\WINDOWS\System32\Wbem;C:\WINDOWS\System32\WindowsPowerShell\v1.0\;C:\WINDOWS\System32\OpenSSH\;C:\Program Files\Azure Data Studio\bin;D:\\bin;E:\;E:\Git\cmd;D:\rabbitmq\Erlang OTP\bin;D:\rabbitmq\rabbitmq_server-3.13.7\sbin;D:\apache-maven-3.9.9-bin\apache-maven-3.9.9\bin;D:\apache-jmeter-5.6.3\bin;D:\Python313\Scripts;D:\Python313;C:\Users\admin\AppData\Local\Microsoft\WindowsApps;C:\Program Files (x86)\Tencent\QQGameTempest\Hall.57986\;D:\Pycharm\PyCharm 2023.2.2\bin;;C:\Program Files\Azure Data Studio\bin;D:\java source\IntelliJ IDEA Community Edition 2023.3.4\bin;;E:\CLion 2024.1.1\bin;;E:\myjava\IntelliJ IDEA 2024.1.2\bin;;C:\Users\admin\AppData\Roaming\npm;E:\nodejs\node_global;E:\Microsoft VS Code\bin;E:\PyCharm Community Edition 2024.2\bin;;D:\Scripts\;D:\;
USERNAME=admin
OS=Windows_NT
PROCESSOR_IDENTIFIER=Intel64 Family 6 Model 154 Stepping 3, GenuineIntel
TMP=C:\Users\admin\AppData\Local\Temp
TEMP=C:\Users\admin\AppData\Local\Temp



Periodic native trim disabled

JNI global refs:
JNI global refs: 26, weak refs: 0

JNI global refs memory usage: 843, weak refs: 841

Process memory usage:
Resident Set Size: 41028K (0% of 8048500K total physical memory with 1161920K free physical memory)

OOME stack traces (most recent first):
Classloader memory used:
Loader bootstrap                                                                       : 2455K
Loader com.intellij.database.remote.jdbc.impl.JdbcClassLoader$JdbcClassLoaderImpl      : 375K
Loader jdk.internal.loader.ClassLoaders$AppClassLoader                                 : 279K
Loader jdk.internal.loader.ClassLoaders$PlatformClassLoader                            : 96460B
Loader jdk.internal.reflect.DelegatingClassLoader                                      : 44651B
Loader com.intellij.database.remote.jdbc.impl.JdbcClassLoader$1                        : 829B


---------------  S Y S T E M  ---------------

OS:
 Windows 11 , 64 bit Build 22621 (10.0.22621.4391)
OS uptime: 0 days 4:56 hours

CPU: total 20 (initial active 20) (10 cores per cpu, 2 threads per core) family 6 model 154 stepping 3 microcode 0x42c, cx8, cmov, fxsr, ht, mmx, 3dnowpref, sse, sse2, sse3, ssse3, sse4.1, sse4.2, popcnt, lzcnt, tsc, tscinvbit, avx, avx2, aes, erms, clmul, bmi1, bmi2, adx, sha, fma, vzeroupper, clflush, clflushopt, clwb
Processor Information for processor 0
  Max Mhz: 2300, Current Mhz: 2300, Mhz Limit: 2300
Processor Information for processor 1
  Max Mhz: 2300, Current Mhz: 2300, Mhz Limit: 2300
Processor Information for processor 2
  Max Mhz: 2300, Current Mhz: 2300, Mhz Limit: 2300
Processor Information for processor 3
  Max Mhz: 2300, Current Mhz: 2300, Mhz Limit: 2300
Processor Information for processor 4
  Max Mhz: 2300, Current Mhz: 2300, Mhz Limit: 2300
Processor Information for processor 5
  Max Mhz: 2300, Current Mhz: 2300, Mhz Limit: 2300
Processor Information for processor 6
  Max Mhz: 2300, Current Mhz: 2300, Mhz Limit: 2300
Processor Information for processor 7
  Max Mhz: 2300, Current Mhz: 2300, Mhz Limit: 2300
Processor Information for processor 8
  Max Mhz: 2300, Current Mhz: 2300, Mhz Limit: 2300
Processor Information for processor 9
  Max Mhz: 2300, Current Mhz: 2300, Mhz Limit: 2300
Processor Information for processor 10
  Max Mhz: 2300, Current Mhz: 2300, Mhz Limit: 2300
Processor Information for processor 11
  Max Mhz: 2300, Current Mhz: 2300, Mhz Limit: 2300
Processor Information for processor 12
  Max Mhz: 2300, Current Mhz: 1700, Mhz Limit: 1679
Processor Information for processor 13
  Max Mhz: 2300, Current Mhz: 1700, Mhz Limit: 1679
Processor Information for processor 14
  Max Mhz: 2300, Current Mhz: 1700, Mhz Limit: 1679
Processor Information for processor 15
  Max Mhz: 2300, Current Mhz: 1700, Mhz Limit: 1679
Processor Information for processor 16
  Max Mhz: 2300, Current Mhz: 1700, Mhz Limit: 1679
Processor Information for processor 17
  Max Mhz: 2300, Current Mhz: 1700, Mhz Limit: 1679
Processor Information for processor 18
  Max Mhz: 2300, Current Mhz: 1700, Mhz Limit: 1679
Processor Information for processor 19
  Max Mhz: 2300, Current Mhz: 1700, Mhz Limit: 1679

Memory: 4k page, system-wide physical 7859M (1125M free)
TotalPageFile size 26215M (AvailPageFile size 7M)
current process WorkingSet (physical memory assigned to process): 43M, peak: 177M
current process commit charge ("private bytes"): 280M, peak: 306M

vm_info: OpenJDK 64-Bit Server VM (17.0.11+1-b1207.24) for windows-amd64 JRE (17.0.11+1-b1207.24), built on 2024-05-15 by "builduser" with MS VC++ 16.10 / 16.11 (VS2019)

END.
